<?xml version="1.0" encoding="UTF-8"?>
<!-- Generated by org.testng.reporters.JUnitReportReporter -->
<testsuite skipped="0" hostname="Mac-Pro-de-NUTES.local" name="newTests.TestServiceTrain" tests="2" failures="0" timestamp="27 set 2019 15:48:55 GMT" time="2.662" errors="0">
  <testcase name="testQueryTrain" time="1.082" classname="newTests.TestServiceTrain"/>
  <testcase name="testTrain" time="1.580" classname="newTests.TestServiceTrain"/>
</testsuite> <!-- newTests.TestServiceTrain -->
