<?xml version="1.0" encoding="UTF-8"?>
<!-- Generated by org.testng.reporters.JUnitReportReporter -->
<testsuite skipped="0" hostname="Mac-Pro-de-NUTES.local" name="TestServiceSecurity" tests="1" failures="0" timestamp="17 set 2019 13:25:02 GMT" time="2.852" errors="0">
  <testcase name="testSecurity" time="2.852" classname="TestServiceSecurity"/>
</testsuite> <!-- TestServiceSecurity -->
