<?xml version="1.0" encoding="UTF-8"?>
<!-- Generated by org.testng.reporters.JUnitReportReporter -->
<testsuite skipped="0" hostname="Mac-Pro-de-NUTES.local" name="newTests.TestAdminLogin" tests="5" failures="0" timestamp="27 set 2019 14:32:10 GMT" time="6.723" errors="0">
  <testcase name="testSignIn" time="1.285" classname="newTests.TestAdminLogin"/>
  <testcase name="testSignIn" time="1.278" classname="newTests.TestAdminLogin"/>
  <testcase name="testSignIn" time="1.280" classname="newTests.TestAdminLogin"/>
  <testcase name="testSignIn" time="1.613" classname="newTests.TestAdminLogin"/>
  <testcase name="testSignIn" time="1.267" classname="newTests.TestAdminLogin"/>
</testsuite> <!-- newTests.TestAdminLogin -->
