<?xml version="1.0" encoding="UTF-8"?>
<!-- Generated by org.testng.reporters.JUnitReportReporter -->
<testsuite skipped="0" hostname="Mac-Pro-de-NUTES.local" name="newTests.TestServiceConfig" tests="2" failures="0" timestamp="27 set 2019 15:27:35 GMT" time="2.631" errors="0">
  <testcase name="testQueryConfig" time="1.079" classname="newTests.TestServiceConfig"/>
  <testcase name="testConfig" time="1.552" classname="newTests.TestServiceConfig"/>
</testsuite> <!-- newTests.TestServiceConfig -->
