<?xml version="1.0" encoding="UTF-8"?>
<!-- Generated by org.testng.reporters.JUnitReportReporter -->
<testsuite skipped="0" hostname="Mac-Pro-de-NUTES.local" name="TestFlowTwoPay" tests="3" failures="0" timestamp="17 set 2019 13:25:02 GMT" time="5.293" errors="0">
  <testcase name="testViewOrders" time="1.109" classname="TestFlowTwoPay"/>
  <testcase name="testPayOrder" time="2.200" classname="TestFlowTwoPay"/>
  <testcase name="testLogin" time="1.984" classname="TestFlowTwoPay"/>
</testsuite> <!-- TestFlowTwoPay -->
