<?xml version="1.0" encoding="UTF-8"?>
<!-- Generated by org.testng.reporters.JUnitReportReporter -->
<testsuite skipped="0" hostname="Mac-Pro-de-NUTES.local" name="newTests.TestServiceInsidePay" tests="5" failures="0" timestamp="27 set 2019 15:28:33 GMT" time="6.849" errors="0">
  <testcase name="login" time="2.128" classname="newTests.TestServiceInsidePay"/>
  <testcase name="testInsidePay" time="1.503" classname="newTests.TestServiceInsidePay"/>
  <testcase name="testInsidePayList" time="1.088" classname="newTests.TestServiceInsidePay"/>
  <testcase name="testUserBalance" time="1.064" classname="newTests.TestServiceInsidePay"/>
  <testcase name="testAddMoney" time="1.066" classname="newTests.TestServiceInsidePay"/>
</testsuite> <!-- newTests.TestServiceInsidePay -->
