<?xml version="1.0" encoding="UTF-8"?>
<!-- Generated by org.testng.reporters.JUnitReportReporter -->
<testsuite skipped="0" hostname="Mac-Pro-de-NUTES.local" name="TestServiceRegister" tests="2" failures="0" timestamp="17 set 2019 13:25:02 GMT" time="3.680" errors="0">
  <testcase name="testRegisterLogin" time="1.532" classname="TestServiceRegister"/>
  <testcase name="testRegister" time="2.148" classname="TestServiceRegister"/>
</testsuite> <!-- TestServiceRegister -->
