<?xml version="1.0" encoding="UTF-8"?>
<!-- Generated by org.testng.reporters.JUnitReportReporter -->
<testsuite skipped="0" hostname="Mac-Pro-de-NUTES.local" name="newTests.TestServiceRegister" tests="2" failures="0" timestamp="27 set 2019 15:44:51 GMT" time="3.333" errors="0">
  <testcase name="testRegister" time="1.820" classname="newTests.TestServiceRegister"/>
  <testcase name="testRegisterLogin" time="1.513" classname="newTests.TestServiceRegister"/>
</testsuite> <!-- newTests.TestServiceRegister -->
