<?xml version="1.0" encoding="UTF-8"?>
<!-- Generated by org.testng.reporters.JUnitReportReporter -->
<testsuite skipped="0" hostname="Mac-Pro-de-NUTES.local" name="TestServiceContacts" tests="1" failures="0" timestamp="17 set 2019 13:25:02 GMT" time="1.565" errors="0">
  <testcase name="testContacts" time="1.565" classname="TestServiceContacts"/>
</testsuite> <!-- TestServiceContacts -->
