<?xml version="1.0" encoding="UTF-8"?>
<!-- Generated by org.testng.reporters.JUnitReportReporter -->
<testsuite skipped="0" hostname="Mac-Pro-de-NUTES.local" name="TestServiceConfig" tests="2" failures="0" timestamp="17 set 2019 13:25:02 GMT" time="2.638" errors="0">
  <testcase name="testQueryConfig" time="1.072" classname="TestServiceConfig"/>
  <testcase name="testConfig" time="1.566" classname="TestServiceConfig"/>
</testsuite> <!-- TestServiceConfig -->
