<?xml version="1.0" encoding="UTF-8"?>
<!-- Generated by org.testng.reporters.JUnitReportReporter -->
<testsuite skipped="0" hostname="Mac-Pro-de-NUTES.local" name="TestServicePayment" tests="3" failures="0" timestamp="17 set 2019 13:25:02 GMT" time="4.785" errors="0">
  <testcase name="testPaymentList" time="1.065" classname="TestServicePayment"/>
  <testcase name="testPayment" time="1.665" classname="TestServicePayment"/>
  <testcase name="login" time="2.055" classname="TestServicePayment"/>
</testsuite> <!-- TestServicePayment -->
