<?xml version="1.0" encoding="UTF-8"?>
<!-- Generated by org.testng.reporters.JUnitReportReporter -->
<testsuite skipped="0" hostname="Mac-Pro-de-NUTES.local" name="newTests.TestServiceExecute" tests="1" failures="0" timestamp="27 set 2019 15:28:10 GMT" time="1.691" errors="0">
  <testcase name="testExecute" time="1.691" classname="newTests.TestServiceExecute"/>
</testsuite> <!-- newTests.TestServiceExecute -->
