<?xml version="1.0" encoding="UTF-8"?>
<!-- Generated by org.testng.reporters.JUnitReportReporter -->
<testsuite skipped="0" hostname="Mac-Pro-de-NUTES.local" name="TestServiceTrain" tests="2" failures="0" timestamp="17 set 2019 13:25:02 GMT" time="2.621" errors="0">
  <testcase name="testTrain" time="1.551" classname="TestServiceTrain"/>
  <testcase name="testQueryTrain" time="1.070" classname="TestServiceTrain"/>
</testsuite> <!-- TestServiceTrain -->
