<?xml version="1.0" encoding="UTF-8"?>
<!-- Generated by org.testng.reporters.JUnitReportReporter -->
<testsuite skipped="0" hostname="Mac-Pro-de-NUTES.local" name="TestServiceInsidePay" tests="5" failures="0" timestamp="17 set 2019 14:43:56 GMT" time="6.836" errors="0">
  <testcase name="login" time="2.100" classname="TestServiceInsidePay"/>
  <testcase name="testInsidePay" time="1.518" classname="TestServiceInsidePay"/>
  <testcase name="testInsidePayList" time="1.081" classname="TestServiceInsidePay"/>
  <testcase name="testUserBalance" time="1.067" classname="TestServiceInsidePay"/>
  <testcase name="testAddMoney" time="1.070" classname="TestServiceInsidePay"/>
</testsuite> <!-- TestServiceInsidePay -->
