<?xml version="1.0" encoding="UTF-8"?>
<!-- Generated by org.testng.reporters.JUnitReportReporter -->
<testsuite skipped="0" hostname="Mac-Pro-de-NUTES.local" name="TestServiceExecute" tests="1" failures="0" timestamp="17 set 2019 13:25:02 GMT" time="1.670" errors="0">
  <testcase name="testExecute" time="1.670" classname="TestServiceExecute"/>
</testsuite> <!-- TestServiceExecute -->
