<?xml version="1.0" encoding="UTF-8"?>
<!-- Generated by org.testng.reporters.JUnitReportReporter -->
<testsuite skipped="0" hostname="Mac-Pro-de-NUTES.local" name="newTests.TestServiceSecurity" tests="1" failures="0" timestamp="27 set 2019 15:45:35 GMT" time="2.853" errors="0">
  <testcase name="testSecurity" time="2.853" classname="newTests.TestServiceSecurity"/>
</testsuite> <!-- newTests.TestServiceSecurity -->
