<?xml version="1.0" encoding="UTF-8"?>
<!-- Generated by org.testng.reporters.JUnitReportReporter -->
<testsuite skipped="0" hostname="Mac-Pro-de-NUTES.local" name="newTests.TestServiceOrders" tests="1" failures="0" timestamp="27 set 2019 15:32:49 GMT" time="0.712" errors="0">
  <testcase name="testOrders" time="0.712" classname="newTests.TestServiceOrders"/>
</testsuite> <!-- newTests.TestServiceOrders -->
