<?xml version="1.0" encoding="UTF-8"?>
<!-- Generated by org.testng.reporters.JUnitReportReporter -->
<testsuite skipped="0" hostname="Mac-Pro-de-NUTES.local" name="newTests.TestServiceTravel2" tests="2" failures="0" timestamp="27 set 2019 15:49:17 GMT" time="2.659" errors="0">
  <testcase name="testTravel2" time="1.578" classname="newTests.TestServiceTravel2"/>
  <testcase name="testQueryTravel2" time="1.081" classname="newTests.TestServiceTravel2"/>
</testsuite> <!-- newTests.TestServiceTravel2 -->
