<?xml version="1.0" encoding="UTF-8"?>
<!-- Generated by org.testng.reporters.JUnitReportReporter -->
<testsuite skipped="0" hostname="Mac-Pro-de-NUTES.local" name="newTests.TestServicePayment" tests="3" failures="0" timestamp="27 set 2019 15:33:08 GMT" time="4.806" errors="0">
  <testcase name="testPayment" time="1.694" classname="newTests.TestServicePayment"/>
  <testcase name="testPaymentList" time="1.068" classname="newTests.TestServicePayment"/>
  <testcase name="login" time="2.044" classname="newTests.TestServicePayment"/>
</testsuite> <!-- newTests.TestServicePayment -->
