<?xml version="1.0" encoding="UTF-8"?>
<!-- Generated by org.testng.reporters.JUnitReportReporter -->
<testsuite skipped="0" hostname="Mac-Pro-de-NUTES.local" name="newTests.TestServiceStation" tests="2" failures="0" timestamp="27 set 2019 14:38:22 GMT" time="1.645" errors="0">
  <testcase name="testStation" time="0.560" classname="newTests.TestServiceStation"/>
  <testcase name="testQueryStation" time="1.085" classname="newTests.TestServiceStation"/>
</testsuite> <!-- newTests.TestServiceStation -->
