<?xml version="1.0" encoding="UTF-8"?>
<!-- Generated by org.testng.reporters.JUnitReportReporter -->
<testsuite skipped="0" hostname="Mac-Pro-de-NUTES.local" name="TestServiceLogin" tests="4" failures="0" timestamp="17 set 2019 14:45:25 GMT" time="22.116" errors="0">
  <testcase name="testSignIn" time="6.787" classname="TestServiceLogin"/>
  <testcase name="testSignIn" time="6.535" classname="TestServiceLogin"/>
  <testcase name="testSignIn" time="2.278" classname="TestServiceLogin"/>
  <testcase name="testSignIn" time="6.516" classname="TestServiceLogin"/>
</testsuite> <!-- TestServiceLogin -->
