<?xml version="1.0" encoding="UTF-8"?>
<!-- Generated by org.testng.reporters.JUnitReportReporter -->
<testsuite skipped="0" hostname="Mac-Pro-de-NUTES.local" name="newTests.TestServiceLogin" tests="4" failures="0" timestamp="27 set 2019 15:28:57 GMT" time="6.198" errors="0">
  <testcase name="testSignIn" time="1.773" classname="newTests.TestServiceLogin"/>
  <testcase name="testSignIn" time="1.489" classname="newTests.TestServiceLogin"/>
  <testcase name="testSignIn" time="1.429" classname="newTests.TestServiceLogin"/>
  <testcase name="testSignIn" time="1.507" classname="newTests.TestServiceLogin"/>
</testsuite> <!-- newTests.TestServiceLogin -->
