<?xml version="1.0" encoding="UTF-8"?>
<!-- Generated by org.testng.reporters.JUnitReportReporter -->
<testsuite skipped="0" hostname="Mac-Pro-de-NUTES.local" name="newTests.TestServiceContacts" tests="1" failures="0" timestamp="27 set 2019 15:27:51 GMT" time="1.573" errors="0">
  <testcase name="testContacts" time="1.573" classname="newTests.TestServiceContacts"/>
</testsuite> <!-- newTests.TestServiceContacts -->
