<?xml version="1.0" encoding="UTF-8"?>
<!-- Generated by org.testng.reporters.JUnitReportReporter -->
<testsuite skipped="0" hostname="Mac-Pro-de-NUTES.local" name="newTests.TestServiceRebook" tests="3" failures="0" timestamp="27 set 2019 15:45:17 GMT" time="5.974" errors="0">
  <testcase name="testTicketRebook" time="3.389" classname="newTests.TestServiceRebook"/>
  <testcase name="login" time="2.058" classname="newTests.TestServiceRebook"/>
  <testcase name="getOrders" time="0.527" classname="newTests.TestServiceRebook"/>
</testsuite> <!-- newTests.TestServiceRebook -->
